<?xml version="1.0" encoding="UTF-8"?>
<!-- Generated by org.testng.reporters.JUnitReportReporter -->
<testsuite hostname="DESKTOP-NNV3G3C" failures="0" tests="2" name="ApiTestingAssured.ApiTestingAssured.ApiTest" time="4.138" errors="0" timestamp="20 Jul 2019 17:19:43 GMT" skipped="0">
  <testcase classname="ApiTestingAssured.ApiTestingAssured.ApiTest" name="getrequest" time="2.979"/>
  <testcase classname="ApiTestingAssured.ApiTestingAssured.ApiTest" name="checkstatus" time="1.159"/>
</testsuite> <!-- ApiTestingAssured.ApiTestingAssured.ApiTest -->
